<?xml version="1.0" encoding="UTF-8"?>
<testsuites name="TS101" time="42.392" tests="9" failures="0" errors="0">
   <testsuite name="TS101" tests="9" failures="0" errors="0" time="42.392" skipped="0" timestamp="05-03-2024T14:15:44" hostname="Administrator - 10.1.85.158" id="Test Suites/TS101">
      <properties>
[...]
</properties>
      <testcase name="Test Cases/TC001" time="8.84" classname="Test Cases/TC001" status="PASSED">
         <system-out><![CDATA[05-03-2024T14:15:44 - [TEST_CASE][PASSED] - Test Cases/TC001: Test Cases/TC001

05-03-2024T14:15:44 - [TEST_STEP][PASSED] - openBrowser(""): Browser is opened with url: ''

05-03-2024T14:15:44 - [MESSAGE][INFO] - Starting 'Chrome' driver

05-03-2024T14:15:44 - [MESSAGE][INFO] - Action delay is set to 0 milliseconds

05-03-2024T14:15:46 - [MESSAGE][PASSED] - Browser is opened with url: ''

05-03-2024T14:15:46 - [TEST_STEP][PASSED] - navigateToUrl("http://127.0.0.1/customerphp/customer.php"): Navigate to 'http://127.0.0.1/customerphp/customer.php' successfully

05-03-2024T14:15:50 - [MESSAGE][PASSED] - Navigate to 'http://127.0.0.1/customerphp/customer.php' successfully

05-03-2024T14:15:50 - [TEST_STEP][PASSED] - setText(findTestObject("Object Repository/Page_Customer Form/input_First Name_firstName"), "johnjohn"): Text 'johnjohn' is set on object 'Object Repository/Page_Customer Form/input_First Name_firstName'

05-03-2024T14:15:51 - [MESSAGE][PASSED] - Text 'johnjohn' is set on object 'Object Repository/Page_Customer Form/input_First Name_firstName'

05-03-2024T14:15:51 - [TEST_STEP][PASSED] - setText(findTestObject("Object Repository/Page_Customer Form/input_Last Name_lastName"), "canonc"): Text 'canonc' is set on object 'Object Repository/Page_Customer Form/input_Last Name_lastName'

05-03-2024T14:15:51 - [MESSAGE][PASSED] - Text 'canonc' is set on object 'Object Repository/Page_Customer Form/input_Last Name_lastName'

05-03-2024T14:15:51 - [TEST_STEP][PASSED] - setText(findTestObject("Object Repository/Page_Customer Form/input_Age_age"), "2"): Text '2' is set on object 'Object Repository/Page_Customer Form/input_Age_age'

05-03-2024T14:15:52 - [MESSAGE][PASSED] - Text '2' is set on object 'Object Repository/Page_Customer Form/input_Age_age'

05-03-2024T14:15:52 - [TEST_STEP][PASSED] - click(findTestObject("Object Repository/Page_Customer Form/button_Submit")): Object: 'Object Repository/Page_Customer Form/button_Submit' is clicked on

05-03-2024T14:15:52 - [MESSAGE][PASSED] - Object: 'Object Repository/Page_Customer Form/button_Submit' is clicked on

05-03-2024T14:15:52 - [TEST_STEP][PASSED] - verifyTextPresent("First Name: johnjohn", false): Text 'First Name: johnjohn' is present on page 

05-03-2024T14:15:52 - [MESSAGE][PASSED] - Text 'First Name: johnjohn' is present on page 

05-03-2024T14:15:52 - [TEST_STEP][PASSED] - takeFullPageScreenshot("img/1.png"): Taking screenshot successfully

05-03-2024T14:15:53 - [MESSAGE][INFO] - 0 hidden object(s)

05-03-2024T14:15:53 - [MESSAGE][PASSED] - Taking screenshot successfully
[[ATTACHMENT|C:\\Users\\Administrator\\Katalon Studio\\Testcase1\\000\\Reports\\25670305_141536\\TS101\\25670305_141537\\img/1.png]]

05-03-2024T14:15:53 - [TEST_STEP][PASSED] - closeBrowser(): Browser is closed

05-03-2024T14:15:53 - [MESSAGE][PASSED] - Browser is closed]]></system-out>
         <system-err><![CDATA[]]></system-err>
      </testcase>
      <testcase name="Test Cases/TC002" time="3.847" classname="Test Cases/TC002" status="PASSED">
         <system-out><![CDATA[05-03-2024T14:15:53 - [TEST_CASE][PASSED] - Test Cases/TC002: Test Cases/TC002

05-03-2024T14:15:53 - [TEST_STEP][PASSED] - openBrowser(""): Browser is opened with url: ''

05-03-2024T14:15:53 - [MESSAGE][INFO] - Starting 'Chrome' driver

05-03-2024T14:15:53 - [MESSAGE][INFO] - Action delay is set to 0 milliseconds

05-03-2024T14:15:53 - [MESSAGE][PASSED] - Browser is opened with url: ''

05-03-2024T14:15:53 - [TEST_STEP][PASSED] - navigateToUrl("http://127.0.0.1/customerphp/customer.php"): Navigate to 'http://127.0.0.1/customerphp/customer.php' successfully

05-03-2024T14:15:54 - [MESSAGE][PASSED] - Navigate to 'http://127.0.0.1/customerphp/customer.php' successfully

05-03-2024T14:15:54 - [TEST_STEP][PASSED] - setText(findTestObject("Object Repository/Page_Customer Form/input_First Name_firstName"), "Johnj"): Text 'Johnj' is set on object 'Object Repository/Page_Customer Form/input_First Name_firstName'

05-03-2024T14:15:55 - [MESSAGE][PASSED] - Text 'Johnj' is set on object 'Object Repository/Page_Customer Form/input_First Name_firstName'

05-03-2024T14:15:55 - [TEST_STEP][PASSED] - setText(findTestObject("Object Repository/Page_Customer Form/input_Last Name_lastName"), "canoncanoncano"): Text 'canoncanoncano' is set on object 'Object Repository/Page_Customer Form/input_Last Name_lastName'

05-03-2024T14:15:55 - [MESSAGE][PASSED] - Text 'canoncanoncano' is set on object 'Object Repository/Page_Customer Form/input_Last Name_lastName'

05-03-2024T14:15:55 - [TEST_STEP][PASSED] - setText(findTestObject("Object Repository/Page_Customer Form/input_Age_age"), "149"): Text '149' is set on object 'Object Repository/Page_Customer Form/input_Age_age'

05-03-2024T14:15:56 - [MESSAGE][PASSED] - Text '149' is set on object 'Object Repository/Page_Customer Form/input_Age_age'

05-03-2024T14:15:56 - [TEST_STEP][PASSED] - click(findTestObject("Object Repository/Page_Customer Form/button_Submit")): Object: 'Object Repository/Page_Customer Form/button_Submit' is clicked on

05-03-2024T14:15:56 - [MESSAGE][PASSED] - Object: 'Object Repository/Page_Customer Form/button_Submit' is clicked on

05-03-2024T14:15:56 - [TEST_STEP][PASSED] - verifyTextPresent("First Name: Johnj", false): Text 'First Name: Johnj' is present on page 

05-03-2024T14:15:56 - [MESSAGE][PASSED] - Text 'First Name: Johnj' is present on page 

05-03-2024T14:15:56 - [TEST_STEP][PASSED] - takeFullPageScreenshot("img/2.png"): Taking screenshot successfully

05-03-2024T14:15:57 - [MESSAGE][INFO] - 0 hidden object(s)

05-03-2024T14:15:57 - [MESSAGE][PASSED] - Taking screenshot successfully
[[ATTACHMENT|C:\\Users\\Administrator\\Katalon Studio\\Testcase1\\000\\Reports\\25670305_141536\\TS101\\25670305_141537\\img/2.png]]

05-03-2024T14:15:57 - [TEST_STEP][PASSED] - closeBrowser(): Browser is closed

05-03-2024T14:15:57 - [MESSAGE][PASSED] - Browser is closed]]></system-out>
         <system-err><![CDATA[]]></system-err>
      </testcase>
      <testcase name="Test Cases/TC003" time="4.744" classname="Test Cases/TC003" status="PASSED">
         <system-out><![CDATA[05-03-2024T14:15:57 - [TEST_CASE][PASSED] - Test Cases/TC003: Test Cases/TC003

05-03-2024T14:15:57 - [TEST_STEP][PASSED] - openBrowser(""): Browser is opened with url: ''

05-03-2024T14:15:57 - [MESSAGE][INFO] - Starting 'Chrome' driver

05-03-2024T14:15:57 - [MESSAGE][INFO] - Action delay is set to 0 milliseconds

05-03-2024T14:15:57 - [MESSAGE][PASSED] - Browser is opened with url: ''

05-03-2024T14:15:57 - [TEST_STEP][PASSED] - navigateToUrl("http://127.0.0.1/customerphp/customer.php"): Navigate to 'http://127.0.0.1/customerphp/customer.php' successfully

05-03-2024T14:15:58 - [MESSAGE][PASSED] - Navigate to 'http://127.0.0.1/customerphp/customer.php' successfully

05-03-2024T14:15:58 - [TEST_STEP][PASSED] - setText(findTestObject("Object Repository/Page_Customer Form/input_First Name_firstName"), "johnjohn"): Text 'johnjohn' is set on object 'Object Repository/Page_Customer Form/input_First Name_firstName'

05-03-2024T14:15:58 - [MESSAGE][PASSED] - Text 'johnjohn' is set on object 'Object Repository/Page_Customer Form/input_First Name_firstName'

05-03-2024T14:15:58 - [TEST_STEP][PASSED] - setText(findTestObject("Object Repository/Page_Customer Form/input_Last Name_lastName"), "canoncan"): Text 'canoncan' is set on object 'Object Repository/Page_Customer Form/input_Last Name_lastName'

05-03-2024T14:15:59 - [MESSAGE][PASSED] - Text 'canoncan' is set on object 'Object Repository/Page_Customer Form/input_Last Name_lastName'

05-03-2024T14:15:59 - [TEST_STEP][PASSED] - setText(findTestObject("Object Repository/Page_Customer Form/input_Age_age"), "151"): Text '151' is set on object 'Object Repository/Page_Customer Form/input_Age_age'

05-03-2024T14:16:00 - [MESSAGE][PASSED] - Text '151' is set on object 'Object Repository/Page_Customer Form/input_Age_age'

05-03-2024T14:16:00 - [TEST_STEP][PASSED] - click(findTestObject("Object Repository/Page_Customer Form/button_Submit")): Object: 'Object Repository/Page_Customer Form/button_Submit' is clicked on

05-03-2024T14:16:00 - [MESSAGE][PASSED] - Object: 'Object Repository/Page_Customer Form/button_Submit' is clicked on

05-03-2024T14:16:00 - [TEST_STEP][PASSED] - setText(findTestObject("Object Repository/Page_Customer Form/input_Age_age"), "150"): Text '150' is set on object 'Object Repository/Page_Customer Form/input_Age_age'

05-03-2024T14:16:00 - [MESSAGE][PASSED] - Text '150' is set on object 'Object Repository/Page_Customer Form/input_Age_age'

05-03-2024T14:16:00 - [TEST_STEP][PASSED] - click(findTestObject("Object Repository/Page_Customer Form/button_Submit")): Object: 'Object Repository/Page_Customer Form/button_Submit' is clicked on

05-03-2024T14:16:01 - [MESSAGE][PASSED] - Object: 'Object Repository/Page_Customer Form/button_Submit' is clicked on

05-03-2024T14:16:01 - [TEST_STEP][PASSED] - verifyTextPresent("First Name: johnjohn", false): Text 'First Name: johnjohn' is present on page 

05-03-2024T14:16:01 - [MESSAGE][PASSED] - Text 'First Name: johnjohn' is present on page 

05-03-2024T14:16:01 - [TEST_STEP][PASSED] - takeFullPageScreenshot("img/3.png"): Taking screenshot successfully

05-03-2024T14:16:01 - [MESSAGE][INFO] - 0 hidden object(s)

05-03-2024T14:16:01 - [MESSAGE][PASSED] - Taking screenshot successfully
[[ATTACHMENT|C:\\Users\\Administrator\\Katalon Studio\\Testcase1\\000\\Reports\\25670305_141536\\TS101\\25670305_141537\\img/3.png]]

05-03-2024T14:16:01 - [TEST_STEP][PASSED] - closeBrowser(): Browser is closed

05-03-2024T14:16:01 - [MESSAGE][PASSED] - Browser is closed]]></system-out>
         <system-err><![CDATA[]]></system-err>
      </testcase>
      <testcase name="Test Cases/TC004" time="4.389" classname="Test Cases/TC004" status="PASSED">
         <system-out><![CDATA[05-03-2024T14:16:01 - [TEST_CASE][PASSED] - Test Cases/TC004: Test Cases/TC004

05-03-2024T14:16:02 - [TEST_STEP][PASSED] - openBrowser(""): Browser is opened with url: ''

05-03-2024T14:16:02 - [MESSAGE][INFO] - Starting 'Chrome' driver

05-03-2024T14:16:02 - [MESSAGE][INFO] - Action delay is set to 0 milliseconds

05-03-2024T14:16:02 - [MESSAGE][PASSED] - Browser is opened with url: ''

05-03-2024T14:16:02 - [TEST_STEP][PASSED] - navigateToUrl("http://127.0.0.1/customerphp/customer.php"): Navigate to 'http://127.0.0.1/customerphp/customer.php' successfully

05-03-2024T14:16:03 - [MESSAGE][PASSED] - Navigate to 'http://127.0.0.1/customerphp/customer.php' successfully

05-03-2024T14:16:03 - [TEST_STEP][PASSED] - setText(findTestObject("Object Repository/Page_Customer Form/input_First Name_firstName"), "Johnjohnjohnjo"): Text 'Johnjohnjohnjo' is set on object 'Object Repository/Page_Customer Form/input_First Name_firstName'

05-03-2024T14:16:04 - [MESSAGE][PASSED] - Text 'Johnjohnjohnjo' is set on object 'Object Repository/Page_Customer Form/input_First Name_firstName'

05-03-2024T14:16:04 - [TEST_STEP][PASSED] - setText(findTestObject("Object Repository/Page_Customer Form/input_Last Name_lastName"), "canoncan"): Text 'canoncan' is set on object 'Object Repository/Page_Customer Form/input_Last Name_lastName'

05-03-2024T14:16:04 - [MESSAGE][PASSED] - Text 'canoncan' is set on object 'Object Repository/Page_Customer Form/input_Last Name_lastName'

05-03-2024T14:16:04 - [TEST_STEP][PASSED] - setText(findTestObject("Object Repository/Page_Customer Form/input_Age_age"), "75"): Text '75' is set on object 'Object Repository/Page_Customer Form/input_Age_age'

05-03-2024T14:16:05 - [MESSAGE][PASSED] - Text '75' is set on object 'Object Repository/Page_Customer Form/input_Age_age'

05-03-2024T14:16:05 - [TEST_STEP][PASSED] - click(findTestObject("Object Repository/Page_Customer Form/button_Submit")): Object: 'Object Repository/Page_Customer Form/button_Submit' is clicked on

05-03-2024T14:16:05 - [MESSAGE][PASSED] - Object: 'Object Repository/Page_Customer Form/button_Submit' is clicked on

05-03-2024T14:16:05 - [TEST_STEP][PASSED] - verifyTextPresent("First Name: Johnjohnjohnjo", false): Text 'First Name: Johnjohnjohnjo' is present on page 

05-03-2024T14:16:05 - [MESSAGE][PASSED] - Text 'First Name: Johnjohnjohnjo' is present on page 

05-03-2024T14:16:05 - [TEST_STEP][PASSED] - takeFullPageScreenshot("img/4.png"): Taking screenshot successfully

05-03-2024T14:16:06 - [MESSAGE][INFO] - 0 hidden object(s)

05-03-2024T14:16:06 - [MESSAGE][PASSED] - Taking screenshot successfully
[[ATTACHMENT|C:\\Users\\Administrator\\Katalon Studio\\Testcase1\\000\\Reports\\25670305_141536\\TS101\\25670305_141537\\img/4.png]]

05-03-2024T14:16:06 - [TEST_STEP][PASSED] - closeBrowser(): Browser is closed

05-03-2024T14:16:06 - [MESSAGE][PASSED] - Browser is closed]]></system-out>
         <system-err><![CDATA[]]></system-err>
      </testcase>
      <testcase name="Test Cases/TC005" time="4.038" classname="Test Cases/TC005" status="PASSED">
         <system-out><![CDATA[05-03-2024T14:16:06 - [TEST_CASE][PASSED] - Test Cases/TC005: Test Cases/TC005

05-03-2024T14:16:06 - [TEST_STEP][PASSED] - openBrowser(""): Browser is opened with url: ''

05-03-2024T14:16:06 - [MESSAGE][INFO] - Starting 'Chrome' driver

05-03-2024T14:16:06 - [MESSAGE][INFO] - Action delay is set to 0 milliseconds

05-03-2024T14:16:06 - [MESSAGE][PASSED] - Browser is opened with url: ''

05-03-2024T14:16:06 - [TEST_STEP][PASSED] - navigateToUrl("http://127.0.0.1/customerphp/customer.php"): Navigate to 'http://127.0.0.1/customerphp/customer.php' successfully

05-03-2024T14:16:07 - [MESSAGE][PASSED] - Navigate to 'http://127.0.0.1/customerphp/customer.php' successfully

05-03-2024T14:16:07 - [TEST_STEP][PASSED] - setText(findTestObject("Object Repository/Page_Customer Form/input_First Name_firstName"), "johnjohnjohnjoh"): Text 'johnjohnjohnjoh' is set on object 'Object Repository/Page_Customer Form/input_First Name_firstName'

05-03-2024T14:16:08 - [MESSAGE][PASSED] - Text 'johnjohnjohnjoh' is set on object 'Object Repository/Page_Customer Form/input_First Name_firstName'

05-03-2024T14:16:08 - [TEST_STEP][PASSED] - setText(findTestObject("Object Repository/Page_Customer Form/input_Last Name_lastName"), "canoncan"): Text 'canoncan' is set on object 'Object Repository/Page_Customer Form/input_Last Name_lastName'

05-03-2024T14:16:08 - [MESSAGE][PASSED] - Text 'canoncan' is set on object 'Object Repository/Page_Customer Form/input_Last Name_lastName'

05-03-2024T14:16:08 - [TEST_STEP][PASSED] - setText(findTestObject("Object Repository/Page_Customer Form/input_Age_age"), "75"): Text '75' is set on object 'Object Repository/Page_Customer Form/input_Age_age'

05-03-2024T14:16:09 - [MESSAGE][PASSED] - Text '75' is set on object 'Object Repository/Page_Customer Form/input_Age_age'

05-03-2024T14:16:09 - [TEST_STEP][PASSED] - click(findTestObject("Object Repository/Page_Customer Form/button_Submit")): Object: 'Object Repository/Page_Customer Form/button_Submit' is clicked on

05-03-2024T14:16:09 - [MESSAGE][PASSED] - Object: 'Object Repository/Page_Customer Form/button_Submit' is clicked on

05-03-2024T14:16:09 - [TEST_STEP][PASSED] - verifyTextPresent("First Name: johnjohnjohnjoh", false): Text 'First Name: johnjohnjohnjoh' is present on page 

05-03-2024T14:16:10 - [MESSAGE][PASSED] - Text 'First Name: johnjohnjohnjoh' is present on page 

05-03-2024T14:16:10 - [TEST_STEP][PASSED] - takeFullPageScreenshot("img/5.png"): Taking screenshot successfully

05-03-2024T14:16:10 - [MESSAGE][INFO] - 0 hidden object(s)

05-03-2024T14:16:10 - [MESSAGE][PASSED] - Taking screenshot successfully
[[ATTACHMENT|C:\\Users\\Administrator\\Katalon Studio\\Testcase1\\000\\Reports\\25670305_141536\\TS101\\25670305_141537\\img/5.png]]

05-03-2024T14:16:10 - [TEST_STEP][PASSED] - closeBrowser(): Browser is closed

05-03-2024T14:16:10 - [MESSAGE][PASSED] - Browser is closed]]></system-out>
         <system-err><![CDATA[]]></system-err>
      </testcase>
      <testcase name="Test Cases/TC006" time="3.813" classname="Test Cases/TC006" status="PASSED">
         <system-out><![CDATA[05-03-2024T14:16:10 - [TEST_CASE][PASSED] - Test Cases/TC006: Test Cases/TC006

05-03-2024T14:16:10 - [TEST_STEP][PASSED] - openBrowser(""): Browser is opened with url: ''

05-03-2024T14:16:10 - [MESSAGE][INFO] - Starting 'Chrome' driver

05-03-2024T14:16:10 - [MESSAGE][INFO] - Action delay is set to 0 milliseconds

05-03-2024T14:16:11 - [MESSAGE][PASSED] - Browser is opened with url: ''

05-03-2024T14:16:11 - [TEST_STEP][PASSED] - navigateToUrl("http://127.0.0.1/customerphp/customer.php"): Navigate to 'http://127.0.0.1/customerphp/customer.php' successfully

05-03-2024T14:16:11 - [MESSAGE][PASSED] - Navigate to 'http://127.0.0.1/customerphp/customer.php' successfully

05-03-2024T14:16:11 - [TEST_STEP][PASSED] - setText(findTestObject("Object Repository/Page_Customer Form/input_First Name_firstName"), "john"): Text 'john' is set on object 'Object Repository/Page_Customer Form/input_First Name_firstName'

05-03-2024T14:16:12 - [MESSAGE][PASSED] - Text 'john' is set on object 'Object Repository/Page_Customer Form/input_First Name_firstName'

05-03-2024T14:16:12 - [TEST_STEP][PASSED] - setText(findTestObject("Object Repository/Page_Customer Form/input_Last Name_lastName"), "canoncan"): Text 'canoncan' is set on object 'Object Repository/Page_Customer Form/input_Last Name_lastName'

05-03-2024T14:16:12 - [MESSAGE][PASSED] - Text 'canoncan' is set on object 'Object Repository/Page_Customer Form/input_Last Name_lastName'

05-03-2024T14:16:12 - [TEST_STEP][PASSED] - setText(findTestObject("Object Repository/Page_Customer Form/input_Age_age"), "75"): Text '75' is set on object 'Object Repository/Page_Customer Form/input_Age_age'

05-03-2024T14:16:13 - [MESSAGE][PASSED] - Text '75' is set on object 'Object Repository/Page_Customer Form/input_Age_age'

05-03-2024T14:16:13 - [TEST_STEP][PASSED] - click(findTestObject("Object Repository/Page_Customer Form/button_Submit")): Object: 'Object Repository/Page_Customer Form/button_Submit' is clicked on

05-03-2024T14:16:13 - [MESSAGE][PASSED] - Object: 'Object Repository/Page_Customer Form/button_Submit' is clicked on

05-03-2024T14:16:13 - [TEST_STEP][PASSED] - verifyTextPresent("First Name: john", false): Text 'First Name: john' is present on page 

05-03-2024T14:16:13 - [MESSAGE][PASSED] - Text 'First Name: john' is present on page 

05-03-2024T14:16:13 - [TEST_STEP][PASSED] - takeFullPageScreenshot("img/6.png"): Taking screenshot successfully

05-03-2024T14:16:13 - [MESSAGE][INFO] - 0 hidden object(s)

05-03-2024T14:16:13 - [MESSAGE][PASSED] - Taking screenshot successfully
[[ATTACHMENT|C:\\Users\\Administrator\\Katalon Studio\\Testcase1\\000\\Reports\\25670305_141536\\TS101\\25670305_141537\\img/6.png]]

05-03-2024T14:16:14 - [TEST_STEP][PASSED] - closeBrowser(): Browser is closed

05-03-2024T14:16:14 - [MESSAGE][PASSED] - Browser is closed]]></system-out>
         <system-err><![CDATA[]]></system-err>
      </testcase>
      <testcase name="Test Cases/TC008" time="4.326" classname="Test Cases/TC008" status="PASSED">
         <system-out><![CDATA[05-03-2024T14:16:14 - [TEST_CASE][PASSED] - Test Cases/TC008: Test Cases/TC008

05-03-2024T14:16:14 - [TEST_STEP][PASSED] - openBrowser(""): Browser is opened with url: ''

05-03-2024T14:16:14 - [MESSAGE][INFO] - Starting 'Chrome' driver

05-03-2024T14:16:14 - [MESSAGE][INFO] - Action delay is set to 0 milliseconds

05-03-2024T14:16:14 - [MESSAGE][PASSED] - Browser is opened with url: ''

05-03-2024T14:16:14 - [TEST_STEP][PASSED] - navigateToUrl("http://127.0.0.1/customerphp/customer.php"): Navigate to 'http://127.0.0.1/customerphp/customer.php' successfully

05-03-2024T14:16:15 - [MESSAGE][PASSED] - Navigate to 'http://127.0.0.1/customerphp/customer.php' successfully

05-03-2024T14:16:15 - [TEST_STEP][PASSED] - setText(findTestObject("Object Repository/Page_Customer Form/input_First Name_firstName"), "johnjohn"): Text 'johnjohn' is set on object 'Object Repository/Page_Customer Form/input_First Name_firstName'

05-03-2024T14:16:16 - [MESSAGE][PASSED] - Text 'johnjohn' is set on object 'Object Repository/Page_Customer Form/input_First Name_firstName'

05-03-2024T14:16:16 - [TEST_STEP][PASSED] - setText(findTestObject("Object Repository/Page_Customer Form/input_Last Name_lastName"), "cano"): Text 'cano' is set on object 'Object Repository/Page_Customer Form/input_Last Name_lastName'

05-03-2024T14:16:16 - [MESSAGE][PASSED] - Text 'cano' is set on object 'Object Repository/Page_Customer Form/input_Last Name_lastName'

05-03-2024T14:16:16 - [TEST_STEP][PASSED] - setText(findTestObject("Object Repository/Page_Customer Form/input_Age_age"), "75"): Text '75' is set on object 'Object Repository/Page_Customer Form/input_Age_age'

05-03-2024T14:16:17 - [MESSAGE][PASSED] - Text '75' is set on object 'Object Repository/Page_Customer Form/input_Age_age'

05-03-2024T14:16:17 - [TEST_STEP][PASSED] - click(findTestObject("Object Repository/Page_Customer Form/form_Title                  Mr.          Ms_f8548b")): Object: 'Object Repository/Page_Customer Form/form_Title                  Mr.          Ms_f8548b' is clicked on

05-03-2024T14:16:17 - [MESSAGE][PASSED] - Object: 'Object Repository/Page_Customer Form/form_Title                  Mr.          Ms_f8548b' is clicked on

05-03-2024T14:16:17 - [TEST_STEP][PASSED] - click(findTestObject("Object Repository/Page_Customer Form/button_Submit")): Object: 'Object Repository/Page_Customer Form/button_Submit' is clicked on

05-03-2024T14:16:17 - [MESSAGE][PASSED] - Object: 'Object Repository/Page_Customer Form/button_Submit' is clicked on

05-03-2024T14:16:17 - [TEST_STEP][PASSED] - verifyTextPresent("First Name: johnjohn", false): Text 'First Name: johnjohn' is present on page 

05-03-2024T14:16:18 - [MESSAGE][PASSED] - Text 'First Name: johnjohn' is present on page 

05-03-2024T14:16:18 - [TEST_STEP][PASSED] - takeFullPageScreenshot("img/8.png"): Taking screenshot successfully

05-03-2024T14:16:18 - [MESSAGE][INFO] - 0 hidden object(s)

05-03-2024T14:16:18 - [MESSAGE][PASSED] - Taking screenshot successfully
[[ATTACHMENT|C:\\Users\\Administrator\\Katalon Studio\\Testcase1\\000\\Reports\\25670305_141536\\TS101\\25670305_141537\\img/8.png]]

05-03-2024T14:16:18 - [TEST_STEP][PASSED] - closeBrowser(): Browser is closed

05-03-2024T14:16:18 - [MESSAGE][PASSED] - Browser is closed]]></system-out>
         <system-err><![CDATA[]]></system-err>
      </testcase>
      <testcase name="Test Cases/TC010" time="3.868" classname="Test Cases/TC010" status="PASSED">
         <system-out><![CDATA[05-03-2024T14:16:18 - [TEST_CASE][PASSED] - Test Cases/TC010: Test Cases/TC010

05-03-2024T14:16:18 - [TEST_STEP][PASSED] - openBrowser(""): Browser is opened with url: ''

05-03-2024T14:16:18 - [MESSAGE][INFO] - Starting 'Chrome' driver

05-03-2024T14:16:18 - [MESSAGE][INFO] - Action delay is set to 0 milliseconds

05-03-2024T14:16:19 - [MESSAGE][PASSED] - Browser is opened with url: ''

05-03-2024T14:16:19 - [TEST_STEP][PASSED] - navigateToUrl("http://127.0.0.1/customerphp/customer.php"): Navigate to 'http://127.0.0.1/customerphp/customer.php' successfully

05-03-2024T14:16:19 - [MESSAGE][PASSED] - Navigate to 'http://127.0.0.1/customerphp/customer.php' successfully

05-03-2024T14:16:19 - [TEST_STEP][PASSED] - setText(findTestObject("Object Repository/Page_Customer Form/input_First Name_firstName"), "johnjohn"): Text 'johnjohn' is set on object 'Object Repository/Page_Customer Form/input_First Name_firstName'

05-03-2024T14:16:20 - [MESSAGE][PASSED] - Text 'johnjohn' is set on object 'Object Repository/Page_Customer Form/input_First Name_firstName'

05-03-2024T14:16:20 - [TEST_STEP][PASSED] - setText(findTestObject("Object Repository/Page_Customer Form/input_Last Name_lastName"), "canoncan"): Text 'canoncan' is set on object 'Object Repository/Page_Customer Form/input_Last Name_lastName'

05-03-2024T14:16:20 - [MESSAGE][PASSED] - Text 'canoncan' is set on object 'Object Repository/Page_Customer Form/input_Last Name_lastName'

05-03-2024T14:16:20 - [TEST_STEP][PASSED] - setText(findTestObject("Object Repository/Page_Customer Form/input_Age_age"), "11"): Text '11' is set on object 'Object Repository/Page_Customer Form/input_Age_age'

05-03-2024T14:16:21 - [MESSAGE][PASSED] - Text '11' is set on object 'Object Repository/Page_Customer Form/input_Age_age'

05-03-2024T14:16:21 - [TEST_STEP][PASSED] - click(findTestObject("Object Repository/Page_Customer Form/button_Submit")): Object: 'Object Repository/Page_Customer Form/button_Submit' is clicked on

05-03-2024T14:16:21 - [MESSAGE][PASSED] - Object: 'Object Repository/Page_Customer Form/button_Submit' is clicked on

05-03-2024T14:16:21 - [TEST_STEP][PASSED] - verifyTextPresent("First Name: johnjohn", false): Text 'First Name: johnjohn' is present on page 

05-03-2024T14:16:21 - [MESSAGE][PASSED] - Text 'First Name: johnjohn' is present on page 

05-03-2024T14:16:21 - [TEST_STEP][PASSED] - takeFullPageScreenshot("img/10.png"): Taking screenshot successfully

05-03-2024T14:16:22 - [MESSAGE][INFO] - 0 hidden object(s)

05-03-2024T14:16:22 - [MESSAGE][PASSED] - Taking screenshot successfully
[[ATTACHMENT|C:\\Users\\Administrator\\Katalon Studio\\Testcase1\\000\\Reports\\25670305_141536\\TS101\\25670305_141537\\img/10.png]]

05-03-2024T14:16:22 - [TEST_STEP][PASSED] - closeBrowser(): Browser is closed

05-03-2024T14:16:22 - [MESSAGE][PASSED] - Browser is closed]]></system-out>
         <system-err><![CDATA[]]></system-err>
      </testcase>
      <testcase name="Test Cases/TC011" time="4.37" classname="Test Cases/TC011" status="PASSED">
         <system-out><![CDATA[05-03-2024T14:16:22 - [TEST_CASE][PASSED] - Test Cases/TC011: Test Cases/TC011

05-03-2024T14:16:22 - [TEST_STEP][PASSED] - openBrowser(""): Browser is opened with url: ''

05-03-2024T14:16:22 - [MESSAGE][INFO] - Starting 'Chrome' driver

05-03-2024T14:16:22 - [MESSAGE][INFO] - Action delay is set to 0 milliseconds

05-03-2024T14:16:23 - [MESSAGE][PASSED] - Browser is opened with url: ''

05-03-2024T14:16:23 - [TEST_STEP][PASSED] - navigateToUrl("http://127.0.0.1/customerphp/customer.php"): Navigate to 'http://127.0.0.1/customerphp/customer.php' successfully

05-03-2024T14:16:23 - [MESSAGE][PASSED] - Navigate to 'http://127.0.0.1/customerphp/customer.php' successfully

05-03-2024T14:16:23 - [TEST_STEP][PASSED] - click(findTestObject("Object Repository/Page_Customer Form/body_Customer Detail Form                  _ce0b5e")): Object: 'Object Repository/Page_Customer Form/body_Customer Detail Form                  _ce0b5e' is clicked on

05-03-2024T14:16:24 - [MESSAGE][PASSED] - Object: 'Object Repository/Page_Customer Form/body_Customer Detail Form                  _ce0b5e' is clicked on

05-03-2024T14:16:24 - [TEST_STEP][PASSED] - setText(findTestObject("Object Repository/Page_Customer Form/input_First Name_firstName"), "Johnjohnjohnjo"): Text 'Johnjohnjohnjo' is set on object 'Object Repository/Page_Customer Form/input_First Name_firstName'

05-03-2024T14:16:24 - [MESSAGE][PASSED] - Text 'Johnjohnjohnjo' is set on object 'Object Repository/Page_Customer Form/input_First Name_firstName'

05-03-2024T14:16:24 - [TEST_STEP][PASSED] - setText(findTestObject("Object Repository/Page_Customer Form/input_Last Name_lastName"), "canoncanoncanon"): Text 'canoncanoncanon' is set on object 'Object Repository/Page_Customer Form/input_Last Name_lastName'

05-03-2024T14:16:25 - [MESSAGE][PASSED] - Text 'canoncanoncanon' is set on object 'Object Repository/Page_Customer Form/input_Last Name_lastName'

05-03-2024T14:16:25 - [TEST_STEP][PASSED] - setText(findTestObject("Object Repository/Page_Customer Form/input_Age_age"), "150"): Text '150' is set on object 'Object Repository/Page_Customer Form/input_Age_age'

05-03-2024T14:16:25 - [MESSAGE][PASSED] - Text '150' is set on object 'Object Repository/Page_Customer Form/input_Age_age'

05-03-2024T14:16:25 - [TEST_STEP][PASSED] - click(findTestObject("Object Repository/Page_Customer Form/button_Submit")): Object: 'Object Repository/Page_Customer Form/button_Submit' is clicked on

05-03-2024T14:16:26 - [MESSAGE][PASSED] - Object: 'Object Repository/Page_Customer Form/button_Submit' is clicked on

05-03-2024T14:16:26 - [TEST_STEP][PASSED] - verifyTextPresent("First Name: Johnjohnjohnjo", false): Text 'First Name: Johnjohnjohnjo' is present on page 

05-03-2024T14:16:26 - [MESSAGE][PASSED] - Text 'First Name: Johnjohnjohnjo' is present on page 

05-03-2024T14:16:26 - [TEST_STEP][PASSED] - takeFullPageScreenshot("img/11.png"): Taking screenshot successfully

05-03-2024T14:16:26 - [MESSAGE][INFO] - 0 hidden object(s)

05-03-2024T14:16:26 - [MESSAGE][PASSED] - Taking screenshot successfully
[[ATTACHMENT|C:\\Users\\Administrator\\Katalon Studio\\Testcase1\\000\\Reports\\25670305_141536\\TS101\\25670305_141537\\img/11.png]]

05-03-2024T14:16:26 - [TEST_STEP][PASSED] - closeBrowser(): Browser is closed

05-03-2024T14:16:26 - [MESSAGE][PASSED] - Browser is closed]]></system-out>
         <system-err><![CDATA[]]></system-err>
      </testcase>
      <system-out><![CDATA[05-03-2024T14:15:44 - [TEST_SUITE][PASSED] - TS101: Test Cases/TC011]]></system-out>
      <system-err><![CDATA[]]></system-err>
   </testsuite>
</testsuites>
